<?xml version="1.0" encoding="UTF-8"?>
<testng-results skipped="0" failed="0" ignored="0" total="2" passed="2">
  <reporter-output>
  </reporter-output>
  <suite name="Default suite" duration-ms="6501" started-at="2020-03-05T11:12:10 EST" finished-at="2020-03-05T11:12:16 EST">
    <groups>
    </groups>
    <test name="Default test" duration-ms="6501" started-at="2020-03-05T11:12:10 EST" finished-at="2020-03-05T11:12:16 EST">
      <class name="allTests.HomePageTest">
        <test-method status="PASS" signature="CCValidation()[pri:0, instance:allTests.HomePageTest@23d2a7e8]" name="CCValidation" duration-ms="3681" started-at="2020-03-05T11:12:10 EST" finished-at="2020-03-05T11:12:14 EST">
          <reporter-output>
          </reporter-output>
        </test-method> <!-- CCValidation -->
        <test-method status="PASS" signature="teardown()[pri:0, instance:allTests.HomePageTest@23d2a7e8]" name="teardown" is-config="true" duration-ms="266" started-at="2020-03-05T11:12:14 EST" finished-at="2020-03-05T11:12:14 EST">
          <reporter-output>
          </reporter-output>
        </test-method> <!-- teardown -->
        <test-method status="PASS" signature="titleValidation()[pri:0, instance:allTests.HomePageTest@23d2a7e8]" name="titleValidation" duration-ms="2384" started-at="2020-03-05T11:12:14 EST" finished-at="2020-03-05T11:12:16 EST">
          <reporter-output>
          </reporter-output>
        </test-method> <!-- titleValidation -->
        <test-method status="PASS" signature="teardown()[pri:0, instance:allTests.HomePageTest@23d2a7e8]" name="teardown" is-config="true" duration-ms="133" started-at="2020-03-05T11:12:16 EST" finished-at="2020-03-05T11:12:16 EST">
          <reporter-output>
          </reporter-output>
        </test-method> <!-- teardown -->
      </class> <!-- allTests.HomePageTest -->
    </test> <!-- Default test -->
  </suite> <!-- Default suite -->
</testng-results>
